<?xml version="1.0" encoding="UTF-8"?>
<testng-results skipped="0" failed="0" ignored="0" total="1" passed="1">
  <reporter-output>
  </reporter-output>
  <suite name="Default suite" duration-ms="6544" started-at="2018-02-18T20:19:09Z" finished-at="2018-02-18T20:19:16Z">
    <groups>
    </groups>
    <test name="Default test" duration-ms="6544" started-at="2018-02-18T20:19:09Z" finished-at="2018-02-18T20:19:16Z">
      <class name="test.Jenkins_Git_Demo">
        <test-method status="PASS" signature="setUp()[pri:0, instance:test.Jenkins_Git_Demo@34c4973]" name="setUp" is-config="true" duration-ms="3933" started-at="2018-02-18T15:19:09Z" finished-at="2018-02-18T15:19:13Z">
          <reporter-output>
          </reporter-output>
        </test-method> <!-- setUp -->
        <test-method status="PASS" signature="test()[pri:0, instance:test.Jenkins_Git_Demo@34c4973]" name="test" duration-ms="1861" started-at="2018-02-18T15:19:13Z" finished-at="2018-02-18T15:19:15Z">
          <reporter-output>
          </reporter-output>
        </test-method> <!-- test -->
        <test-method status="PASS" signature="tearDown()[pri:0, instance:test.Jenkins_Git_Demo@34c4973]" name="tearDown" is-config="true" duration-ms="733" started-at="2018-02-18T15:19:15Z" finished-at="2018-02-18T15:19:16Z">
          <reporter-output>
          </reporter-output>
        </test-method> <!-- tearDown -->
      </class> <!-- test.Jenkins_Git_Demo -->
    </test> <!-- Default test -->
  </suite> <!-- Default suite -->
</testng-results>
